<?xml version="1.0" encoding="UTF-8"?>
<!-- Generated by org.testng.reporters.JUnitXMLReporter -->
<testsuite ignored="1" hostname="LAPTOP-FR304L32" failures="0" tests="9" name="Regression" time="7.183" errors="0" timestamp="2023-12-27T12:17:05 IST">
  <testcase classname="test.SampleTest2" name="Test" time="0.005"/>
  <testcase classname="test.SampleTest2" name="Test0" time="0.001"/>
  <testcase classname="test.SampleTest2" name="Test1" time="0.003"/>
  <testcase classname="test.SampleTest2" name="test" time="0.002"/>
  <testcase classname="test.FaceBookLoginTest" name="loginWithInvalidUserNameAndValidPassward" time="0.263"/>
  <testcase classname="test.FaceBookLoginTest" name="loginWithValidUserNameAndInvalidPassward" time="0.272"/>
  <testcase classname="test.Testing" name="sample" time="0.001"/>
  <testcase classname="test.SampleTest" name="Test1" time="0.002"/>
  <testcase classname="test.SampleTest" name="Test2" time="0.002"/>
  <testcase classname="test.FaceBookLoginTest" name="loginWithValidUserNameAndPassward" time="0.0">
    <ignored/>
  </testcase> <!-- loginWithValidUserNameAndPassward -->
</testsuite> <!-- Regression -->
