<?xml version="1.0" encoding="UTF-8"?>
<!-- Generated by org.testng.reporters.JUnitXMLReporter -->
<testsuite ignored="0" hostname="LAPTOP-FR304L32" failures="0" tests="5" name="Sanity" time="9.014" errors="0" timestamp="2023-12-27T12:17:15 IST">
  <testcase classname="test.FaceBookLoginTest" name="loginWithInvalidUserNameAndValidPassward" time="0.251"/>
  <testcase classname="test.FaceBookLoginTest" name="loginWithValidUserNameAndInvalidPassward" time="0.283"/>
  <testcase classname="test.FaceBookLoginTest" name="loginWithValidUserNameAndPassward" time="0.364"/>
  <testcase classname="test.SampleTest" name="Test1" time="0.002"/>
  <testcase classname="test.SampleTest" name="Test2" time="0.002"/>
</testsuite> <!-- Sanity -->
